<?xml version="1.0" encoding="UTF-8"?>
<testng-results skipped="0" failed="0" total="1" passed="1">
  <reporter-output>
    <line>
      <![CDATA[<div "featureFile">Feature File: terms.feature</div>]]>
    </line>
    <line>
      <![CDATA[<div "feature">Feature: Login Feature</div>]]>
    </line>
    <line>
      <![CDATA[<div "scenario">Scenario: Validate the UserName and Password</div>]]>
    </line>
    <line>
      <![CDATA[<div "result">Given  I have a prescription Application (passed : 0s)</div>]]>
    </line>
    <line>
      <![CDATA[<div "result">When  I enter the correct UserName and Password (passed : 7s)</div>]]>
    </line>
    <line>
      <![CDATA[<div "result">Then  I should be able to see the HomePage (passed : 0s)</div>]]>
    </line>
  </reporter-output>
  <suite name="Default suite" duration-ms="9056" started-at="2018-08-23T20:00:56Z" finished-at="2018-08-23T20:01:05Z">
    <groups>
      <group name="cucumber">
        <method signature="AbstractTestNGCucumberTests.run_cukes()[pri:0, instance:ApplicationDataTest.RunnerTest@6737fd8f]" name="run_cukes" class="cucumber.api.testng.AbstractTestNGCucumberTests"/>
      </group> <!-- cucumber -->
    </groups>
    <test name="Default test" duration-ms="9056" started-at="2018-08-23T20:00:56Z" finished-at="2018-08-23T20:01:05Z">
      <class name="ApplicationDataTest.RunnerTest">
        <test-method status="PASS" signature="run_cukes()[pri:0, instance:ApplicationDataTest.RunnerTest@6737fd8f]" name="run_cukes" duration-ms="9040" started-at="2018-08-23T16:00:56Z" description="Runs Cucumber Features" finished-at="2018-08-23T16:01:05Z">
          <reporter-output>
            <line>
              <![CDATA[<div "featureFile">Feature File: terms.feature</div>]]>
            </line>
            <line>
              <![CDATA[<div "feature">Feature: Login Feature</div>]]>
            </line>
            <line>
              <![CDATA[<div "scenario">Scenario: Validate the UserName and Password</div>]]>
            </line>
            <line>
              <![CDATA[<div "result">Given  I have a prescription Application (passed : 0s)</div>]]>
            </line>
            <line>
              <![CDATA[<div "result">When  I enter the correct UserName and Password (passed : 7s)</div>]]>
            </line>
            <line>
              <![CDATA[<div "result">Then  I should be able to see the HomePage (passed : 0s)</div>]]>
            </line>
          </reporter-output>
        </test-method> <!-- run_cukes -->
      </class> <!-- ApplicationDataTest.RunnerTest -->
    </test> <!-- Default test -->
  </suite> <!-- Default suite -->
</testng-results>
